{"K:/Kamran/Projects/LegisTrackFE-BE/LegisTrackIndia-FE/src/api/httpClient.ts": {"path":"K:/Kamran/Projects/LegisTrackFE-BE/LegisTrackIndia-FE/src/api/httpClient.ts","statementMap":{"0":{"start":{"line":6,"column":2},"end":{"line":6,"column":null}},"1":{"start":{"line":8,"column":23},"end":{"line":15,"column":null}},"2":{"start":{"line":9,"column":2},"end":{"line":9,"column":null}},"3":{"start":{"line":9,"column":22},"end":{"line":9,"column":null}},"4":{"start":{"line":10,"column":2},"end":{"line":10,"column":null}},"5":{"start":{"line":10,"column":22},"end":{"line":10,"column":null}},"6":{"start":{"line":11,"column":2},"end":{"line":11,"column":null}},"7":{"start":{"line":11,"column":22},"end":{"line":11,"column":null}},"8":{"start":{"line":12,"column":2},"end":{"line":12,"column":null}},"9":{"start":{"line":12,"column":22},"end":{"line":12,"column":null}},"10":{"start":{"line":13,"column":2},"end":{"line":13,"column":null}},"11":{"start":{"line":13,"column":21},"end":{"line":13,"column":null}},"12":{"start":{"line":14,"column":2},"end":{"line":14,"column":null}},"13":{"start":{"line":17,"column":23},"end":{"line":31,"column":null}},"14":{"start":{"line":18,"column":15},"end":{"line":18,"column":null}},"15":{"start":{"line":24,"column":2},"end":{"line":24,"column":null}},"16":{"start":{"line":24,"column":58},"end":{"line":24,"column":null}},"17":{"start":{"line":25,"column":2},"end":{"line":28,"column":null}},"18":{"start":{"line":26,"column":4},"end":{"line":26,"column":null}},"19":{"start":{"line":26,"column":76},"end":{"line":26,"column":null}},"20":{"start":{"line":27,"column":4},"end":{"line":27,"column":null}},"21":{"start":{"line":27,"column":72},"end":{"line":27,"column":null}},"22":{"start":{"line":30,"column":2},"end":{"line":30,"column":null}},"23":{"start":{"line":33,"column":26},"end":{"line":35,"column":null}},"24":{"start":{"line":37,"column":0},"end":{"line":44,"column":null}},"25":{"start":{"line":38,"column":16},"end":{"line":38,"column":null}},"26":{"start":{"line":39,"column":2},"end":{"line":42,"column":null}},"27":{"start":{"line":40,"column":4},"end":{"line":40,"column":null}},"28":{"start":{"line":41,"column":4},"end":{"line":41,"column":null}},"29":{"start":{"line":43,"column":2},"end":{"line":43,"column":null}},"30":{"start":{"line":46,"column":0},"end":{"line":65,"column":null}},"31":{"start":{"line":47,"column":16},"end":{"line":47,"column":null}},"32":{"start":{"line":49,"column":19},"end":{"line":49,"column":null}},"33":{"start":{"line":50,"column":4},"end":{"line":61,"column":null}},"34":{"start":{"line":51,"column":19},"end":{"line":51,"column":null}},"35":{"start":{"line":52,"column":22},"end":{"line":52,"column":null}},"36":{"start":{"line":53,"column":22},"end":{"line":53,"column":null}},"37":{"start":{"line":55,"column":6},"end":{"line":60,"column":null}},"38":{"start":{"line":63,"column":4},"end":{"line":63,"column":null}}},"fnMap":{"0":{"name":"(anonymous_0)","decl":{"start":{"line":8,"column":23},"end":{"line":8,"column":24}},"loc":{"start":{"line":8,"column":43},"end":{"line":15,"column":null}}},"1":{"name":"(anonymous_1)","decl":{"start":{"line":17,"column":23},"end":{"line":17,"column":24}},"loc":{"start":{"line":17,"column":46},"end":{"line":31,"column":null}}},"2":{"name":"(anonymous_2)","decl":{"start":{"line":37,"column":36},"end":{"line":37,"column":37}},"loc":{"start":{"line":37,"column":48},"end":{"line":44,"column":1}}},"3":{"name":"(anonymous_3)","decl":{"start":{"line":47,"column":2},"end":{"line":47,"column":3}},"loc":{"start":{"line":47,"column":16},"end":{"line":47,"column":null}}},"4":{"name":"(anonymous_4)","decl":{"start":{"line":48,"column":2},"end":{"line":48,"column":3}},"loc":{"start":{"line":48,"column":25},"end":{"line":64,"column":null}}}},"branchMap":{"0":{"loc":{"start":{"line":6,"column":2},"end":{"line":6,"column":null}},"type":"binary-expr","locations":[{"start":{"line":6,"column":2},"end":{"line":6,"column":47}},{"start":{"line":6,"column":47},"end":{"line":6,"column":null}}]},"1":{"loc":{"start":{"line":9,"column":2},"end":{"line":9,"column":null}},"type":"if","locations":[{"start":{"line":9,"column":2},"end":{"line":9,"column":null}},{"start":{},"end":{}}]},"2":{"loc":{"start":{"line":10,"column":2},"end":{"line":10,"column":null}},"type":"if","locations":[{"start":{"line":10,"column":2},"end":{"line":10,"column":null}},{"start":{},"end":{}}]},"3":{"loc":{"start":{"line":11,"column":2},"end":{"line":11,"column":null}},"type":"if","locations":[{"start":{"line":11,"column":2},"end":{"line":11,"column":null}},{"start":{},"end":{}}]},"4":{"loc":{"start":{"line":12,"column":2},"end":{"line":12,"column":null}},"type":"if","locations":[{"start":{"line":12,"column":2},"end":{"line":12,"column":null}},{"start":{},"end":{}}]},"5":{"loc":{"start":{"line":13,"column":2},"end":{"line":13,"column":null}},"type":"if","locations":[{"start":{"line":13,"column":2},"end":{"line":13,"column":null}},{"start":{},"end":{}}]},"6":{"loc":{"start":{"line":24,"column":2},"end":{"line":24,"column":null}},"type":"if","locations":[{"start":{"line":24,"column":2},"end":{"line":24,"column":null}},{"start":{},"end":{}}]},"7":{"loc":{"start":{"line":24,"column":6},"end":{"line":24,"column":58}},"type":"binary-expr","locations":[{"start":{"line":24,"column":6},"end":{"line":24,"column":34}},{"start":{"line":24,"column":34},"end":{"line":24,"column":58}}]},"8":{"loc":{"start":{"line":25,"column":2},"end":{"line":28,"column":null}},"type":"if","locations":[{"start":{"line":25,"column":2},"end":{"line":28,"column":null}},{"start":{},"end":{}}]},"9":{"loc":{"start":{"line":25,"column":6},"end":{"line":25,"column":40}},"type":"binary-expr","locations":[{"start":{"line":25,"column":6},"end":{"line":25,"column":14}},{"start":{"line":25,"column":14},"end":{"line":25,"column":40}}]},"10":{"loc":{"start":{"line":26,"column":4},"end":{"line":26,"column":null}},"type":"if","locations":[{"start":{"line":26,"column":4},"end":{"line":26,"column":null}},{"start":{},"end":{}}]},"11":{"loc":{"start":{"line":26,"column":8},"end":{"line":26,"column":76}},"type":"binary-expr","locations":[{"start":{"line":26,"column":8},"end":{"line":26,"column":44}},{"start":{"line":26,"column":44},"end":{"line":26,"column":76}}]},"12":{"loc":{"start":{"line":27,"column":4},"end":{"line":27,"column":null}},"type":"if","locations":[{"start":{"line":27,"column":4},"end":{"line":27,"column":null}},{"start":{},"end":{}}]},"13":{"loc":{"start":{"line":27,"column":8},"end":{"line":27,"column":72}},"type":"binary-expr","locations":[{"start":{"line":27,"column":8},"end":{"line":27,"column":42}},{"start":{"line":27,"column":42},"end":{"line":27,"column":72}}]},"14":{"loc":{"start":{"line":30,"column":9},"end":{"line":30,"column":null}},"type":"binary-expr","locations":[{"start":{"line":30,"column":9},"end":{"line":30,"column":26}},{"start":{"line":30,"column":26},"end":{"line":30,"column":null}}]},"15":{"loc":{"start":{"line":39,"column":2},"end":{"line":42,"column":null}},"type":"if","locations":[{"start":{"line":39,"column":2},"end":{"line":42,"column":null}},{"start":{},"end":{}}]},"16":{"loc":{"start":{"line":40,"column":21},"end":{"line":40,"column":null}},"type":"binary-expr","locations":[{"start":{"line":40,"column":21},"end":{"line":40,"column":39}},{"start":{"line":40,"column":39},"end":{"line":40,"column":null}}]},"17":{"loc":{"start":{"line":50,"column":4},"end":{"line":61,"column":null}},"type":"if","locations":[{"start":{"line":50,"column":4},"end":{"line":61,"column":null}},{"start":{},"end":{}}]},"18":{"loc":{"start":{"line":50,"column":8},"end":{"line":50,"column":49}},"type":"binary-expr","locations":[{"start":{"line":50,"column":8},"end":{"line":50,"column":18}},{"start":{"line":50,"column":18},"end":{"line":50,"column":35}},{"start":{"line":50,"column":35},"end":{"line":50,"column":49}}]},"19":{"loc":{"start":{"line":53,"column":22},"end":{"line":53,"column":null}},"type":"binary-expr","locations":[{"start":{"line":53,"column":22},"end":{"line":53,"column":39}},{"start":{"line":53,"column":39},"end":{"line":53,"column":null}}]}},"s":{"0":1,"1":1,"2":6,"3":1,"4":5,"5":1,"6":4,"7":1,"8":3,"9":1,"10":2,"11":1,"12":1,"13":1,"14":6,"15":6,"16":1,"17":5,"18":5,"19":2,"20":3,"21":1,"22":2,"23":1,"24":1,"25":7,"26":7,"27":1,"28":1,"29":7,"30":1,"31":1,"32":6,"33":6,"34":6,"35":6,"36":6,"37":6,"38":6},"f":{"0":6,"1":6,"2":7,"3":1,"4":6},"b":{"0":[1,1],"1":[1,5],"2":[1,4],"3":[1,3],"4":[1,2],"5":[1,1],"6":[1,5],"7":[6,1],"8":[5,0],"9":[5,5],"10":[2,3],"11":[5,2],"12":[1,2],"13":[3,1],"14":[2,0],"15":[1,6],"16":[1,0],"17":[6,0],"18":[6,6,6],"19":[6,5]}}
,"K:/Kamran/Projects/LegisTrackFE-BE/LegisTrackIndia-FE/src/notifications/NotificationProvider.tsx": {"path":"K:/Kamran/Projects/LegisTrackFE-BE/LegisTrackIndia-FE/src/notifications/NotificationProvider.tsx","statementMap":{"0":{"start":{"line":15,"column":22},"end":{"line":15,"column":null}},"1":{"start":{"line":17,"column":14},"end":{"line":23,"column":null}},"2":{"start":{"line":25,"column":24},"end":{"line":30,"column":null}},"3":{"start":{"line":26,"column":2},"end":{"line":26,"column":null}},"4":{"start":{"line":26,"column":30},"end":{"line":26,"column":null}},"5":{"start":{"line":27,"column":2},"end":{"line":27,"column":null}},"6":{"start":{"line":27,"column":31},"end":{"line":27,"column":null}},"7":{"start":{"line":28,"column":2},"end":{"line":28,"column":null}},"8":{"start":{"line":28,"column":28},"end":{"line":28,"column":null}},"9":{"start":{"line":29,"column":2},"end":{"line":29,"column":null}},"10":{"start":{"line":32,"column":23},"end":{"line":33,"column":null}},"11":{"start":{"line":33,"column":2},"end":{"line":33,"column":null}},"12":{"start":{"line":35,"column":22},"end":{"line":38,"column":null}},"13":{"start":{"line":36,"column":2},"end":{"line":36,"column":null}},"14":{"start":{"line":36,"column":79},"end":{"line":36,"column":null}},"15":{"start":{"line":37,"column":2},"end":{"line":37,"column":null}},"16":{"start":{"line":62,"column":29},"end":{"line":290,"column":null}},"17":{"start":{"line":63,"column":28},"end":{"line":63,"column":null}},"18":{"start":{"line":64,"column":30},"end":{"line":64,"column":null}},"19":{"start":{"line":65,"column":17},"end":{"line":65,"column":null}},"20":{"start":{"line":66,"column":27},"end":{"line":66,"column":null}},"21":{"start":{"line":67,"column":30},"end":{"line":67,"column":null}},"22":{"start":{"line":68,"column":27},"end":{"line":68,"column":null}},"23":{"start":{"line":69,"column":25},"end":{"line":69,"column":null}},"24":{"start":{"line":71,"column":18},"end":{"line":78,"column":null}},"25":{"start":{"line":72,"column":4},"end":{"line":72,"column":null}},"26":{"start":{"line":72,"column":26},"end":{"line":72,"column":66}},"27":{"start":{"line":72,"column":51},"end":{"line":72,"column":65}},"28":{"start":{"line":73,"column":18},"end":{"line":73,"column":null}},"29":{"start":{"line":74,"column":4},"end":{"line":77,"column":null}},"30":{"start":{"line":75,"column":6},"end":{"line":75,"column":null}},"31":{"start":{"line":76,"column":6},"end":{"line":76,"column":null}},"32":{"start":{"line":80,"column":16},"end":{"line":84,"column":null}},"33":{"start":{"line":81,"column":4},"end":{"line":81,"column":null}},"34":{"start":{"line":82,"column":4},"end":{"line":82,"column":null}},"35":{"start":{"line":82,"column":53},"end":{"line":82,"column":79}},"36":{"start":{"line":83,"column":4},"end":{"line":83,"column":null}},"37":{"start":{"line":86,"column":17},"end":{"line":108,"column":null}},"38":{"start":{"line":88,"column":17},"end":{"line":88,"column":null}},"39":{"start":{"line":89,"column":24},"end":{"line":89,"column":null}},"40":{"start":{"line":90,"column":22},"end":{"line":90,"column":null}},"41":{"start":{"line":91,"column":37},"end":{"line":91,"column":null}},"42":{"start":{"line":93,"column":6},"end":{"line":96,"column":null}},"43":{"start":{"line":94,"column":21},"end":{"line":94,"column":null}},"44":{"start":{"line":95,"column":8},"end":{"line":95,"column":null}},"45":{"start":{"line":98,"column":6},"end":{"line":103,"column":null}},"46":{"start":{"line":99,"column":24},"end":{"line":99,"column":null}},"47":{"start":{"line":100,"column":8},"end":{"line":102,"column":null}},"48":{"start":{"line":101,"column":10},"end":{"line":101,"column":null}},"49":{"start":{"line":101,"column":55},"end":{"line":101,"column":68}},"50":{"start":{"line":105,"column":6},"end":{"line":105,"column":null}},"51":{"start":{"line":110,"column":30},"end":{"line":116,"column":null}},"52":{"start":{"line":111,"column":20},"end":{"line":111,"column":null}},"53":{"start":{"line":112,"column":4},"end":{"line":112,"column":null}},"54":{"start":{"line":113,"column":4},"end":{"line":113,"column":null}},"55":{"start":{"line":114,"column":4},"end":{"line":114,"column":null}},"56":{"start":{"line":115,"column":4},"end":{"line":115,"column":null}},"57":{"start":{"line":118,"column":18},"end":{"line":137,"column":null}},"58":{"start":{"line":120,"column":6},"end":{"line":122,"column":null}},"59":{"start":{"line":121,"column":8},"end":{"line":121,"column":null}},"60":{"start":{"line":124,"column":6},"end":{"line":134,"column":null}},"61":{"start":{"line":125,"column":8},"end":{"line":125,"column":null}},"62":{"start":{"line":126,"column":8},"end":{"line":126,"column":null}},"63":{"start":{"line":127,"column":8},"end":{"line":133,"column":null}},"64":{"start":{"line":139,"column":17},"end":{"line":160,"column":null}},"65":{"start":{"line":141,"column":6},"end":{"line":143,"column":null}},"66":{"start":{"line":142,"column":8},"end":{"line":142,"column":null}},"67":{"start":{"line":145,"column":6},"end":{"line":157,"column":null}},"68":{"start":{"line":146,"column":8},"end":{"line":146,"column":null}},"69":{"start":{"line":147,"column":8},"end":{"line":147,"column":null}},"70":{"start":{"line":148,"column":8},"end":{"line":156,"column":null}},"71":{"start":{"line":162,"column":23},"end":{"line":165,"column":null}},"72":{"start":{"line":163,"column":17},"end":{"line":163,"column":null}},"73":{"start":{"line":164,"column":4},"end":{"line":164,"column":null}},"74":{"start":{"line":167,"column":23},"end":{"line":174,"column":null}},"75":{"start":{"line":168,"column":4},"end":{"line":168,"column":null}},"76":{"start":{"line":168,"column":17},"end":{"line":168,"column":null}},"77":{"start":{"line":169,"column":4},"end":{"line":172,"column":null}},"78":{"start":{"line":170,"column":6},"end":{"line":170,"column":null}},"79":{"start":{"line":171,"column":6},"end":{"line":171,"column":null}},"80":{"start":{"line":173,"column":4},"end":{"line":173,"column":null}},"81":{"start":{"line":176,"column":2},"end":{"line":185,"column":null}},"82":{"start":{"line":177,"column":4},"end":{"line":177,"column":null}},"83":{"start":{"line":178,"column":4},"end":{"line":178,"column":null}},"84":{"start":{"line":179,"column":4},"end":{"line":179,"column":null}},"85":{"start":{"line":180,"column":4},"end":{"line":184,"column":null}},"86":{"start":{"line":181,"column":6},"end":{"line":181,"column":null}},"87":{"start":{"line":182,"column":6},"end":{"line":182,"column":null}},"88":{"start":{"line":183,"column":6},"end":{"line":183,"column":null}},"89":{"start":{"line":187,"column":2},"end":{"line":197,"column":null}},"90":{"start":{"line":188,"column":4},"end":{"line":188,"column":null}},"91":{"start":{"line":188,"column":17},"end":{"line":188,"column":null}},"92":{"start":{"line":190,"column":22},"end":{"line":193,"column":null}},"93":{"start":{"line":191,"column":6},"end":{"line":191,"column":null}},"94":{"start":{"line":191,"column":34},"end":{"line":191,"column":null}},"95":{"start":{"line":192,"column":6},"end":{"line":192,"column":null}},"96":{"start":{"line":192,"column":33},"end":{"line":192,"column":null}},"97":{"start":{"line":195,"column":4},"end":{"line":195,"column":null}},"98":{"start":{"line":196,"column":4},"end":{"line":196,"column":null}},"99":{"start":{"line":196,"column":17},"end":{"line":196,"column":null}},"100":{"start":{"line":199,"column":2},"end":{"line":209,"column":null}},"101":{"start":{"line":200,"column":4},"end":{"line":200,"column":null}},"102":{"start":{"line":200,"column":17},"end":{"line":200,"column":null}},"103":{"start":{"line":201,"column":18},"end":{"line":207,"column":null}},"104":{"start":{"line":202,"column":6},"end":{"line":205,"column":null}},"105":{"start":{"line":203,"column":8},"end":{"line":203,"column":null}},"106":{"start":{"line":204,"column":8},"end":{"line":204,"column":null}},"107":{"start":{"line":206,"column":6},"end":{"line":206,"column":null}},"108":{"start":{"line":208,"column":4},"end":{"line":208,"column":null}},"109":{"start":{"line":208,"column":17},"end":{"line":208,"column":null}},"110":{"start":{"line":211,"column":16},"end":{"line":214,"column":null}},"111":{"start":{"line":212,"column":11},"end":{"line":212,"column":null}},"112":{"start":{"line":216,"column":2},"end":{"line":288,"column":null}},"113":{"start":{"line":225,"column":10},"end":{"line":225,"column":null}},"114":{"start":{"line":225,"column":60},"end":{"line":225,"column":78}},"115":{"start":{"line":258,"column":20},"end":{"line":262,"column":null}},"116":{"start":{"line":259,"column":22},"end":{"line":261,"column":null}},"117":{"start":{"line":297,"column":14},"end":{"line":341,"column":null}},"118":{"start":{"line":298,"column":32},"end":{"line":298,"column":null}},"119":{"start":{"line":299,"column":15},"end":{"line":299,"column":null}},"120":{"start":{"line":301,"column":2},"end":{"line":304,"column":null}},"121":{"start":{"line":302,"column":18},"end":{"line":302,"column":null}},"122":{"start":{"line":302,"column":53},"end":{"line":302,"column":69}},"123":{"start":{"line":303,"column":4},"end":{"line":303,"column":null}},"124":{"start":{"line":303,"column":17},"end":{"line":303,"column":null}},"125":{"start":{"line":306,"column":2},"end":{"line":339,"column":null}},"126":{"start":{"line":343,"column":25},"end":{"line":349,"column":null}},"127":{"start":{"line":344,"column":14},"end":{"line":344,"column":null}},"128":{"start":{"line":345,"column":2},"end":{"line":347,"column":null}},"129":{"start":{"line":346,"column":4},"end":{"line":346,"column":null}},"130":{"start":{"line":348,"column":2},"end":{"line":348,"column":null}},"131":{"start":{"line":351,"column":26},"end":{"line":357,"column":null}},"132":{"start":{"line":352,"column":14},"end":{"line":352,"column":null}},"133":{"start":{"line":353,"column":2},"end":{"line":355,"column":null}},"134":{"start":{"line":354,"column":4},"end":{"line":354,"column":null}},"135":{"start":{"line":356,"column":2},"end":{"line":356,"column":null}},"136":{"start":{"line":359,"column":25},"end":{"line":365,"column":null}},"137":{"start":{"line":360,"column":14},"end":{"line":360,"column":null}},"138":{"start":{"line":361,"column":2},"end":{"line":363,"column":null}},"139":{"start":{"line":362,"column":4},"end":{"line":362,"column":null}},"140":{"start":{"line":364,"column":2},"end":{"line":364,"column":null}},"141":{"start":{"line":367,"column":37},"end":{"line":373,"column":null}},"142":{"start":{"line":368,"column":14},"end":{"line":368,"column":null}},"143":{"start":{"line":369,"column":2},"end":{"line":371,"column":null}},"144":{"start":{"line":370,"column":4},"end":{"line":370,"column":null}},"145":{"start":{"line":372,"column":2},"end":{"line":372,"column":null}}},"fnMap":{"0":{"name":"(anonymous_0)","decl":{"start":{"line":25,"column":24},"end":{"line":25,"column":25}},"loc":{"start":{"line":25,"column":54},"end":{"line":30,"column":null}}},"1":{"name":"(anonymous_1)","decl":{"start":{"line":32,"column":23},"end":{"line":32,"column":24}},"loc":{"start":{"line":33,"column":2},"end":{"line":33,"column":null}}},"2":{"name":"(anonymous_2)","decl":{"start":{"line":35,"column":22},"end":{"line":35,"column":23}},"loc":{"start":{"line":35,"column":52},"end":{"line":38,"column":null}}},"3":{"name":"(anonymous_3)","decl":{"start":{"line":62,"column":29},"end":{"line":62,"column":30}},"loc":{"start":{"line":62,"column":74},"end":{"line":290,"column":null}}},"4":{"name":"(anonymous_4)","decl":{"start":{"line":71,"column":30},"end":{"line":71,"column":31}},"loc":{"start":{"line":71,"column":46},"end":{"line":78,"column":5}}},"5":{"name":"(anonymous_5)","decl":{"start":{"line":72,"column":13},"end":{"line":72,"column":14}},"loc":{"start":{"line":72,"column":26},"end":{"line":72,"column":66}}},"6":{"name":"(anonymous_6)","decl":{"start":{"line":72,"column":41},"end":{"line":72,"column":42}},"loc":{"start":{"line":72,"column":51},"end":{"line":72,"column":65}}},"7":{"name":"(anonymous_7)","decl":{"start":{"line":80,"column":28},"end":{"line":80,"column":34}},"loc":{"start":{"line":80,"column":34},"end":{"line":84,"column":5}}},"8":{"name":"(anonymous_8)","decl":{"start":{"line":82,"column":42},"end":{"line":82,"column":43}},"loc":{"start":{"line":82,"column":53},"end":{"line":82,"column":79}}},"9":{"name":"(anonymous_9)","decl":{"start":{"line":87,"column":4},"end":{"line":87,"column":5}},"loc":{"start":{"line":87,"column":28},"end":{"line":106,"column":null}}},"10":{"name":"(anonymous_10)","decl":{"start":{"line":93,"column":15},"end":{"line":93,"column":16}},"loc":{"start":{"line":93,"column":28},"end":{"line":96,"column":7}}},"11":{"name":"(anonymous_11)","decl":{"start":{"line":101,"column":49},"end":{"line":101,"column":55}},"loc":{"start":{"line":101,"column":55},"end":{"line":101,"column":68}}},"12":{"name":"(anonymous_12)","decl":{"start":{"line":110,"column":42},"end":{"line":110,"column":43}},"loc":{"start":{"line":110,"column":78},"end":{"line":116,"column":5}}},"13":{"name":"(anonymous_13)","decl":{"start":{"line":119,"column":4},"end":{"line":119,"column":5}},"loc":{"start":{"line":119,"column":29},"end":{"line":135,"column":null}}},"14":{"name":"(anonymous_14)","decl":{"start":{"line":124,"column":34},"end":{"line":124,"column":35}},"loc":{"start":{"line":124,"column":47},"end":{"line":134,"column":7}}},"15":{"name":"(anonymous_15)","decl":{"start":{"line":140,"column":4},"end":{"line":140,"column":5}},"loc":{"start":{"line":140,"column":28},"end":{"line":158,"column":null}}},"16":{"name":"(anonymous_16)","decl":{"start":{"line":145,"column":40},"end":{"line":145,"column":41}},"loc":{"start":{"line":145,"column":53},"end":{"line":157,"column":7}}},"17":{"name":"(anonymous_17)","decl":{"start":{"line":162,"column":35},"end":{"line":162,"column":41}},"loc":{"start":{"line":162,"column":41},"end":{"line":165,"column":5}}},"18":{"name":"(anonymous_18)","decl":{"start":{"line":167,"column":35},"end":{"line":167,"column":41}},"loc":{"start":{"line":167,"column":41},"end":{"line":174,"column":5}}},"19":{"name":"(anonymous_19)","decl":{"start":{"line":176,"column":12},"end":{"line":176,"column":18}},"loc":{"start":{"line":176,"column":18},"end":{"line":185,"column":5}}},"20":{"name":"(anonymous_20)","decl":{"start":{"line":180,"column":11},"end":{"line":180,"column":17}},"loc":{"start":{"line":180,"column":17},"end":{"line":184,"column":null}}},"21":{"name":"(anonymous_21)","decl":{"start":{"line":187,"column":12},"end":{"line":187,"column":18}},"loc":{"start":{"line":187,"column":18},"end":{"line":197,"column":5}}},"22":{"name":"(anonymous_22)","decl":{"start":{"line":190,"column":22},"end":{"line":190,"column":23}},"loc":{"start":{"line":190,"column":48},"end":{"line":193,"column":null}}},"23":{"name":"(anonymous_23)","decl":{"start":{"line":196,"column":11},"end":{"line":196,"column":17}},"loc":{"start":{"line":196,"column":17},"end":{"line":196,"column":null}}},"24":{"name":"(anonymous_24)","decl":{"start":{"line":199,"column":12},"end":{"line":199,"column":18}},"loc":{"start":{"line":199,"column":18},"end":{"line":209,"column":5}}},"25":{"name":"(anonymous_25)","decl":{"start":{"line":201,"column":47},"end":{"line":201,"column":53}},"loc":{"start":{"line":201,"column":53},"end":{"line":207,"column":5}}},"26":{"name":"(anonymous_26)","decl":{"start":{"line":208,"column":11},"end":{"line":208,"column":17}},"loc":{"start":{"line":208,"column":17},"end":{"line":208,"column":null}}},"27":{"name":"(anonymous_27)","decl":{"start":{"line":212,"column":4},"end":{"line":212,"column":11}},"loc":{"start":{"line":212,"column":11},"end":{"line":212,"column":null}}},"28":{"name":"(anonymous_28)","decl":{"start":{"line":224,"column":19},"end":{"line":224,"column":20}},"loc":{"start":{"line":225,"column":10},"end":{"line":225,"column":null}}},"29":{"name":"(anonymous_29)","decl":{"start":{"line":225,"column":54},"end":{"line":225,"column":60}},"loc":{"start":{"line":225,"column":60},"end":{"line":225,"column":78}}},"30":{"name":"(anonymous_30)","decl":{"start":{"line":257,"column":28},"end":{"line":257,"column":29}},"loc":{"start":{"line":258,"column":20},"end":{"line":262,"column":null}}},"31":{"name":"(anonymous_31)","decl":{"start":{"line":258,"column":30},"end":{"line":258,"column":31}},"loc":{"start":{"line":259,"column":22},"end":{"line":261,"column":null}}},"32":{"name":"(anonymous_32)","decl":{"start":{"line":297,"column":14},"end":{"line":297,"column":15}},"loc":{"start":{"line":297,"column":51},"end":{"line":341,"column":null}}},"33":{"name":"(anonymous_33)","decl":{"start":{"line":301,"column":12},"end":{"line":301,"column":18}},"loc":{"start":{"line":301,"column":18},"end":{"line":304,"column":5}}},"34":{"name":"(anonymous_34)","decl":{"start":{"line":302,"column":47},"end":{"line":302,"column":53}},"loc":{"start":{"line":302,"column":53},"end":{"line":302,"column":69}}},"35":{"name":"(anonymous_35)","decl":{"start":{"line":303,"column":11},"end":{"line":303,"column":17}},"loc":{"start":{"line":303,"column":17},"end":{"line":303,"column":null}}},"36":{"name":"(anonymous_36)","decl":{"start":{"line":343,"column":25},"end":{"line":343,"column":31}},"loc":{"start":{"line":343,"column":31},"end":{"line":349,"column":null}}},"37":{"name":"(anonymous_37)","decl":{"start":{"line":351,"column":26},"end":{"line":351,"column":32}},"loc":{"start":{"line":351,"column":32},"end":{"line":357,"column":null}}},"38":{"name":"(anonymous_38)","decl":{"start":{"line":359,"column":25},"end":{"line":359,"column":31}},"loc":{"start":{"line":359,"column":31},"end":{"line":365,"column":null}}},"39":{"name":"(anonymous_39)","decl":{"start":{"line":367,"column":37},"end":{"line":367,"column":43}},"loc":{"start":{"line":367,"column":43},"end":{"line":373,"column":null}}}},"branchMap":{"0":{"loc":{"start":{"line":26,"column":2},"end":{"line":26,"column":null}},"type":"if","locations":[{"start":{"line":26,"column":2},"end":{"line":26,"column":null}},{"start":{},"end":{}}]},"1":{"loc":{"start":{"line":27,"column":2},"end":{"line":27,"column":null}},"type":"if","locations":[{"start":{"line":27,"column":2},"end":{"line":27,"column":null}},{"start":{},"end":{}}]},"2":{"loc":{"start":{"line":28,"column":2},"end":{"line":28,"column":null}},"type":"if","locations":[{"start":{"line":28,"column":2},"end":{"line":28,"column":null}},{"start":{},"end":{}}]},"3":{"loc":{"start":{"line":33,"column":2},"end":{"line":33,"column":null}},"type":"binary-expr","locations":[{"start":{"line":33,"column":2},"end":{"line":33,"column":26}},{"start":{"line":33,"column":26},"end":{"line":33,"column":null}}]},"4":{"loc":{"start":{"line":36,"column":2},"end":{"line":36,"column":null}},"type":"if","locations":[{"start":{"line":36,"column":2},"end":{"line":36,"column":null}},{"start":{},"end":{}}]},"5":{"loc":{"start":{"line":36,"column":6},"end":{"line":36,"column":79}},"type":"binary-expr","locations":[{"start":{"line":36,"column":6},"end":{"line":36,"column":29}},{"start":{"line":36,"column":29},"end":{"line":36,"column":55}},{"start":{"line":36,"column":55},"end":{"line":36,"column":79}}]},"6":{"loc":{"start":{"line":74,"column":4},"end":{"line":77,"column":null}},"type":"if","locations":[{"start":{"line":74,"column":4},"end":{"line":77,"column":null}},{"start":{},"end":{}}]},"7":{"loc":{"start":{"line":90,"column":22},"end":{"line":90,"column":null}},"type":"binary-expr","locations":[{"start":{"line":90,"column":22},"end":{"line":90,"column":39}},{"start":{"line":90,"column":39},"end":{"line":90,"column":null}}]},"8":{"loc":{"start":{"line":98,"column":6},"end":{"line":103,"column":null}},"type":"if","locations":[{"start":{"line":98,"column":6},"end":{"line":103,"column":null}},{"start":{},"end":{}}]},"9":{"loc":{"start":{"line":100,"column":8},"end":{"line":102,"column":null}},"type":"if","locations":[{"start":{"line":100,"column":8},"end":{"line":102,"column":null}},{"start":{},"end":{}}]},"10":{"loc":{"start":{"line":120,"column":6},"end":{"line":122,"column":null}},"type":"if","locations":[{"start":{"line":120,"column":6},"end":{"line":122,"column":null}},{"start":{},"end":{}}]},"11":{"loc":{"start":{"line":120,"column":10},"end":{"line":120,"column":67}},"type":"binary-expr","locations":[{"start":{"line":120,"column":10},"end":{"line":120,"column":38}},{"start":{"line":120,"column":38},"end":{"line":120,"column":67}}]},"12":{"loc":{"start":{"line":121,"column":28},"end":{"line":121,"column":84}},"type":"cond-expr","locations":[{"start":{"line":121,"column":72},"end":{"line":121,"column":80}},{"start":{"line":121,"column":80},"end":{"line":121,"column":84}}]},"13":{"loc":{"start":{"line":131,"column":23},"end":{"line":131,"column":null}},"type":"binary-expr","locations":[{"start":{"line":131,"column":23},"end":{"line":131,"column":44}},{"start":{"line":131,"column":44},"end":{"line":131,"column":null}}]},"14":{"loc":{"start":{"line":132,"column":22},"end":{"line":132,"column":null}},"type":"binary-expr","locations":[{"start":{"line":132,"column":22},"end":{"line":132,"column":42}},{"start":{"line":132,"column":42},"end":{"line":132,"column":null}}]},"15":{"loc":{"start":{"line":141,"column":6},"end":{"line":143,"column":null}},"type":"if","locations":[{"start":{"line":141,"column":6},"end":{"line":143,"column":null}},{"start":{},"end":{}}]},"16":{"loc":{"start":{"line":141,"column":10},"end":{"line":141,"column":67}},"type":"binary-expr","locations":[{"start":{"line":141,"column":10},"end":{"line":141,"column":38}},{"start":{"line":141,"column":38},"end":{"line":141,"column":67}}]},"17":{"loc":{"start":{"line":142,"column":28},"end":{"line":142,"column":84}},"type":"cond-expr","locations":[{"start":{"line":142,"column":72},"end":{"line":142,"column":80}},{"start":{"line":142,"column":80},"end":{"line":142,"column":84}}]},"18":{"loc":{"start":{"line":152,"column":23},"end":{"line":152,"column":null}},"type":"binary-expr","locations":[{"start":{"line":152,"column":23},"end":{"line":152,"column":44}},{"start":{"line":152,"column":44},"end":{"line":152,"column":null}}]},"19":{"loc":{"start":{"line":153,"column":22},"end":{"line":153,"column":null}},"type":"binary-expr","locations":[{"start":{"line":153,"column":22},"end":{"line":153,"column":42}},{"start":{"line":153,"column":42},"end":{"line":153,"column":null}}]},"20":{"loc":{"start":{"line":155,"column":17},"end":{"line":155,"column":null}},"type":"binary-expr","locations":[{"start":{"line":155,"column":17},"end":{"line":155,"column":39}},{"start":{"line":155,"column":39},"end":{"line":155,"column":null}}]},"21":{"loc":{"start":{"line":164,"column":24},"end":{"line":164,"column":57}},"type":"cond-expr","locations":[{"start":{"line":164,"column":45},"end":{"line":164,"column":53}},{"start":{"line":164,"column":53},"end":{"line":164,"column":57}}]},"22":{"loc":{"start":{"line":168,"column":4},"end":{"line":168,"column":null}},"type":"if","locations":[{"start":{"line":168,"column":4},"end":{"line":168,"column":null}},{"start":{},"end":{}}]},"23":{"loc":{"start":{"line":169,"column":4},"end":{"line":172,"column":null}},"type":"if","locations":[{"start":{"line":169,"column":4},"end":{"line":172,"column":null}},{"start":{},"end":{}}]},"24":{"loc":{"start":{"line":188,"column":4},"end":{"line":188,"column":null}},"type":"if","locations":[{"start":{"line":188,"column":4},"end":{"line":188,"column":null}},{"start":{},"end":{}}]},"25":{"loc":{"start":{"line":191,"column":6},"end":{"line":191,"column":null}},"type":"if","locations":[{"start":{"line":191,"column":6},"end":{"line":191,"column":null}},{"start":{},"end":{}}]},"26":{"loc":{"start":{"line":192,"column":6},"end":{"line":192,"column":null}},"type":"if","locations":[{"start":{"line":192,"column":6},"end":{"line":192,"column":null}},{"start":{},"end":{}}]},"27":{"loc":{"start":{"line":200,"column":4},"end":{"line":200,"column":null}},"type":"if","locations":[{"start":{"line":200,"column":4},"end":{"line":200,"column":null}},{"start":{},"end":{}}]},"28":{"loc":{"start":{"line":202,"column":6},"end":{"line":205,"column":null}},"type":"if","locations":[{"start":{"line":202,"column":6},"end":{"line":205,"column":null}},{"start":{},"end":{}}]},"29":{"loc":{"start":{"line":228,"column":7},"end":{"line":286,"column":null}},"type":"binary-expr","locations":[{"start":{"line":228,"column":7},"end":{"line":228,"column":null}},{"start":{"line":229,"column":8},"end":{"line":286,"column":null}}]},"30":{"loc":{"start":{"line":249,"column":13},"end":{"line":265,"column":null}},"type":"binary-expr","locations":[{"start":{"line":249,"column":13},"end":{"line":249,"column":null}},{"start":{"line":250,"column":14},"end":{"line":265,"column":null}}]},"31":{"loc":{"start":{"line":259,"column":22},"end":{"line":261,"column":null}},"type":"cond-expr","locations":[{"start":{"line":260,"column":26},"end":{"line":260,"column":null}},{"start":{"line":261,"column":26},"end":{"line":261,"column":null}}]},"32":{"loc":{"start":{"line":259,"column":22},"end":{"line":259,"column":null}},"type":"binary-expr","locations":[{"start":{"line":259,"column":22},"end":{"line":259,"column":33}},{"start":{"line":259,"column":33},"end":{"line":259,"column":null}}]},"33":{"loc":{"start":{"line":310,"column":8},"end":{"line":310,"column":null}},"type":"cond-expr","locations":[{"start":{"line":310,"column":18},"end":{"line":310,"column":65}},{"start":{"line":310,"column":65},"end":{"line":310,"column":null}}]},"34":{"loc":{"start":{"line":345,"column":2},"end":{"line":347,"column":null}},"type":"if","locations":[{"start":{"line":345,"column":2},"end":{"line":347,"column":null}},{"start":{},"end":{}}]},"35":{"loc":{"start":{"line":353,"column":2},"end":{"line":355,"column":null}},"type":"if","locations":[{"start":{"line":353,"column":2},"end":{"line":355,"column":null}},{"start":{},"end":{}}]},"36":{"loc":{"start":{"line":361,"column":2},"end":{"line":363,"column":null}},"type":"if","locations":[{"start":{"line":361,"column":2},"end":{"line":363,"column":null}},{"start":{},"end":{}}]},"37":{"loc":{"start":{"line":369,"column":2},"end":{"line":371,"column":null}},"type":"if","locations":[{"start":{"line":369,"column":2},"end":{"line":371,"column":null}},{"start":{},"end":{}}]}},"s":{"0":1,"1":1,"2":1,"3":14,"4":2,"5":12,"6":1,"7":11,"8":4,"9":7,"10":1,"11":6,"12":1,"13":6,"14":5,"15":1,"16":1,"17":29,"18":29,"19":29,"20":29,"21":29,"22":29,"23":29,"24":29,"25":3,"26":4,"27":4,"28":3,"29":3,"30":1,"31":1,"32":29,"33":1,"34":1,"35":1,"36":1,"37":29,"38":8,"39":8,"40":8,"41":8,"42":8,"43":9,"44":9,"45":8,"46":6,"47":6,"48":5,"49":1,"50":8,"51":29,"52":3,"53":3,"54":3,"55":3,"56":3,"57":29,"58":2,"59":0,"60":2,"61":2,"62":2,"63":2,"64":29,"65":1,"66":0,"67":1,"68":1,"69":1,"70":1,"71":29,"72":1,"73":1,"74":29,"75":2,"76":0,"77":2,"78":1,"79":1,"80":1,"81":29,"82":8,"83":8,"84":8,"85":8,"86":8,"87":8,"88":8,"89":29,"90":15,"91":11,"92":4,"93":0,"94":0,"95":0,"96":0,"97":4,"98":4,"99":4,"100":29,"101":15,"102":11,"103":4,"104":0,"105":0,"106":0,"107":0,"108":4,"109":4,"110":29,"111":8,"112":29,"113":10,"114":2,"115":1,"116":1,"117":1,"118":14,"119":14,"120":14,"121":9,"122":3,"123":9,"124":9,"125":14,"126":1,"127":8,"128":7,"129":2,"130":5,"131":1,"132":0,"133":0,"134":0,"135":0,"136":1,"137":0,"138":0,"139":0,"140":0,"141":1,"142":3,"143":3,"144":0,"145":3},"f":{"0":14,"1":6,"2":6,"3":29,"4":3,"5":4,"6":4,"7":1,"8":1,"9":8,"10":9,"11":1,"12":3,"13":2,"14":2,"15":1,"16":1,"17":1,"18":2,"19":8,"20":8,"21":15,"22":0,"23":4,"24":15,"25":0,"26":4,"27":8,"28":10,"29":2,"30":1,"31":1,"32":14,"33":9,"34":3,"35":9,"36":8,"37":0,"38":0,"39":3},"b":{"0":[2,12],"1":[1,11],"2":[4,7],"3":[6,5],"4":[5,1],"5":[6,4,2],"6":[1,2],"7":[8,6],"8":[6,2],"9":[5,1],"10":[0,2],"11":[2,0],"12":[0,0],"13":[2,0],"14":[2,0],"15":[0,1],"16":[1,0],"17":[0,0],"18":[1,0],"19":[1,0],"20":[1,0],"21":[1,0],"22":[0,2],"23":[1,1],"24":[11,4],"25":[0,0],"26":[0,0],"27":[11,4],"28":[0,0],"29":[29,4],"30":[4,2],"31":[1,0],"32":[1,1],"33":[4,10],"34":[2,5],"35":[0,0],"36":[0,0],"37":[0,3]}}
,"K:/Kamran/Projects/LegisTrackFE-BE/LegisTrackIndia-FE/src/notifications/icons.tsx": {"path":"K:/Kamran/Projects/LegisTrackFE-BE/LegisTrackIndia-FE/src/notifications/icons.tsx","statementMap":{"0":{"start":{"line":3,"column":26},"end":{"line":23,"column":null}},"1":{"start":{"line":4,"column":2},"end":{"line":23,"column":null}},"2":{"start":{"line":26,"column":25},"end":{"line":45,"column":null}},"3":{"start":{"line":27,"column":2},"end":{"line":45,"column":null}},"4":{"start":{"line":48,"column":26},"end":{"line":64,"column":null}},"5":{"start":{"line":49,"column":2},"end":{"line":64,"column":null}}},"fnMap":{"0":{"name":"(anonymous_0)","decl":{"start":{"line":3,"column":26},"end":{"line":3,"column":27}},"loc":{"start":{"line":4,"column":2},"end":{"line":23,"column":null}}},"1":{"name":"(anonymous_1)","decl":{"start":{"line":26,"column":25},"end":{"line":26,"column":26}},"loc":{"start":{"line":27,"column":2},"end":{"line":45,"column":null}}},"2":{"name":"(anonymous_2)","decl":{"start":{"line":48,"column":26},"end":{"line":48,"column":27}},"loc":{"start":{"line":49,"column":2},"end":{"line":64,"column":null}}}},"branchMap":{},"s":{"0":1,"1":11,"2":1,"3":6,"4":1,"5":1},"f":{"0":11,"1":6,"2":1},"b":{}}
,"K:/Kamran/Projects/LegisTrackFE-BE/LegisTrackIndia-FE/src/notifications/notifyService.ts": {"path":"K:/Kamran/Projects/LegisTrackFE-BE/LegisTrackIndia-FE/src/notifications/notifyService.ts","statementMap":{"0":{"start":{"line":7,"column":33},"end":{"line":7,"column":null}},"1":{"start":{"line":8,"column":35},"end":{"line":8,"column":null}},"2":{"start":{"line":9,"column":33},"end":{"line":9,"column":null}},"3":{"start":{"line":11,"column":28},"end":{"line":13,"column":null}},"4":{"start":{"line":12,"column":2},"end":{"line":12,"column":null}},"5":{"start":{"line":15,"column":29},"end":{"line":17,"column":null}},"6":{"start":{"line":16,"column":2},"end":{"line":16,"column":null}},"7":{"start":{"line":19,"column":28},"end":{"line":21,"column":null}},"8":{"start":{"line":20,"column":2},"end":{"line":20,"column":null}},"9":{"start":{"line":23,"column":22},"end":{"line":26,"column":null}},"10":{"start":{"line":24,"column":2},"end":{"line":24,"column":null}},"11":{"start":{"line":24,"column":18},"end":{"line":24,"column":null}},"12":{"start":{"line":25,"column":2},"end":{"line":25,"column":null}},"13":{"start":{"line":28,"column":23},"end":{"line":31,"column":null}},"14":{"start":{"line":29,"column":2},"end":{"line":29,"column":null}},"15":{"start":{"line":29,"column":19},"end":{"line":29,"column":null}},"16":{"start":{"line":30,"column":2},"end":{"line":30,"column":null}},"17":{"start":{"line":33,"column":22},"end":{"line":36,"column":null}},"18":{"start":{"line":34,"column":2},"end":{"line":34,"column":null}},"19":{"start":{"line":34,"column":18},"end":{"line":34,"column":null}},"20":{"start":{"line":35,"column":2},"end":{"line":35,"column":null}}},"fnMap":{"0":{"name":"(anonymous_0)","decl":{"start":{"line":11,"column":28},"end":{"line":11,"column":29}},"loc":{"start":{"line":11,"column":53},"end":{"line":13,"column":null}}},"1":{"name":"(anonymous_1)","decl":{"start":{"line":15,"column":29},"end":{"line":15,"column":30}},"loc":{"start":{"line":15,"column":55},"end":{"line":17,"column":null}}},"2":{"name":"(anonymous_2)","decl":{"start":{"line":19,"column":28},"end":{"line":19,"column":29}},"loc":{"start":{"line":19,"column":53},"end":{"line":21,"column":null}}},"3":{"name":"(anonymous_3)","decl":{"start":{"line":23,"column":22},"end":{"line":23,"column":23}},"loc":{"start":{"line":23,"column":46},"end":{"line":26,"column":null}}},"4":{"name":"(anonymous_4)","decl":{"start":{"line":28,"column":23},"end":{"line":28,"column":24}},"loc":{"start":{"line":28,"column":48},"end":{"line":31,"column":null}}},"5":{"name":"(anonymous_5)","decl":{"start":{"line":33,"column":22},"end":{"line":33,"column":23}},"loc":{"start":{"line":33,"column":46},"end":{"line":36,"column":null}}}},"branchMap":{"0":{"loc":{"start":{"line":24,"column":2},"end":{"line":24,"column":null}},"type":"if","locations":[{"start":{"line":24,"column":2},"end":{"line":24,"column":null}},{"start":{},"end":{}}]},"1":{"loc":{"start":{"line":29,"column":2},"end":{"line":29,"column":null}},"type":"if","locations":[{"start":{"line":29,"column":2},"end":{"line":29,"column":null}},{"start":{},"end":{}}]},"2":{"loc":{"start":{"line":34,"column":2},"end":{"line":34,"column":null}},"type":"if","locations":[{"start":{"line":34,"column":2},"end":{"line":34,"column":null}},{"start":{},"end":{}}]}},"s":{"0":3,"1":3,"2":3,"3":3,"4":29,"5":3,"6":19,"7":3,"8":19,"9":3,"10":8,"11":1,"12":7,"13":3,"14":2,"15":1,"16":1,"17":3,"18":2,"19":1,"20":1},"f":{"0":29,"1":19,"2":19,"3":8,"4":2,"5":2},"b":{"0":[1,7],"1":[1,1],"2":[1,1]}}
}
